0 verbose cli C:\Program Files\nodejs\node.exe C:\Program Files\nodejs\node_modules\npm\bin\npm-cli.js
1 info using npm@10.9.2
2 info using node@v22.14.0
3 silly config load:file:C:\Program Files\nodejs\node_modules\npm\npmrc
4 silly config load:file:c:\projetos\brgt-frontend\.npmrc
5 silly config load:file:C:\Users\Douglas\.npmrc
6 silly config load:file:C:\projetos\brgt-frontend\UsersDouglasAppDataRoamingnpm\etc\npmrc
7 verbose title npm view classnames description dist-tags.latest homepage version time
8 verbose argv "view" "--json" "--" "classnames" "description" "dist-tags.latest" "homepage" "version" "time"
9 verbose logfile logs-max:10 dir:C:\projetos\brgt-frontend\UsersDouglasAppDataRoamingnpm-cache\_logs\2025-12-02T17_58_18_167Z-
10 verbose logfile C:\projetos\brgt-frontend\UsersDouglasAppDataRoamingnpm-cache\_logs\2025-12-02T17_58_18_167Z-debug-0.log
11 silly logfile done cleaning log files
12 http fetch GET 200 https://registry.npmjs.org/npm 256ms
13 http fetch GET 200 https://registry.npmjs.org/classnames 216ms (cache miss)
14 verbose cwd c:\projetos\brgt-frontend
15 verbose os Windows_NT 10.0.19045
16 verbose node v22.14.0
17 verbose npm  v10.9.2
18 notice
18 notice New major version of npm available! 10.9.2 -> 11.6.4
18 notice Changelog: https://github.com/npm/cli/releases/tag/v11.6.4
18 notice To update run: npm install -g npm@11.6.4
18 notice  { force: true, [Symbol(proc-log.meta)]: true }
19 verbose exit 0
20 info ok
